[INFO ] 2024-11-06 13:49:13.845 [main] StepDef - Setup1 executed...
[INFO ] 2024-11-06 13:49:13.870 [main] StepDef - Chrome browser launched...
[INFO ] 2024-11-06 13:49:17.630 [main] StepDef - url opened...
[INFO ] 2024-11-06 14:06:48.040 [main] StepDef - Setup1 executed...
[INFO ] 2024-11-06 14:06:48.064 [main] StepDef - Chrome browser launched...
[INFO ] 2024-11-06 14:06:52.068 [main] StepDef - url opened...
[INFO ] 2024-11-06 14:55:25.424 [main] StepDef - Setup1 executed...
[INFO ] 2024-11-06 14:55:25.447 [main] StepDef - Chrome browser launched...
[INFO ] 2024-11-06 14:55:28.546 [main] StepDef - url opened...
[INFO ] 2024-11-06 14:55:28.738 [main] StepDef - Clicked on login button...
[INFO ] 2024-11-06 15:08:41.723 [main] StepDef - Setup1 executed...
[INFO ] 2024-11-06 15:08:41.751 [main] StepDef - Chrome browser launched...
[INFO ] 2024-11-06 15:08:45.334 [main] StepDef - url opened...
[INFO ] 2024-11-06 15:08:45.528 [main] StepDef - Clicked on login button...
[INFO ] 2024-11-06 15:08:50.601 [main] StepDef - Browser closed
[INFO ] 2024-11-06 15:11:02.425 [main] StepDef - Setup1 executed...
[INFO ] 2024-11-06 15:11:02.454 [main] StepDef - Chrome browser launched...
[INFO ] 2024-11-06 15:11:05.730 [main] StepDef - url opened...
[INFO ] 2024-11-06 15:11:05.894 [main] StepDef - Clicked on login button...
[INFO ] 2024-11-06 15:11:10.992 [main] StepDef - Browser closed
[INFO ] 2024-11-06 15:54:14.073 [main] StepDef - Setup1 executed...
[INFO ] 2024-11-06 15:54:14.114 [main] StepDef - Chrome browser launched...
[INFO ] 2024-11-06 15:54:17.786 [main] StepDef - url opened...
[INFO ] 2024-11-06 15:54:17.960 [main] StepDef - Clicked on login button...
[INFO ] 2024-11-06 15:54:23.067 [main] StepDef - Browser closed
[INFO ] 2024-11-06 17:28:50.866 [main] StepDef - Setup1 executed...
[INFO ] 2024-11-06 17:28:50.903 [main] StepDef - Chrome browser launched...
[INFO ] 2024-11-06 17:28:54.482 [main] StepDef - url opened...
[INFO ] 2024-11-06 17:28:54.644 [main] StepDef - Clicked on login button...
[INFO ] 2024-11-06 17:28:59.741 [main] StepDef - Browser closed
[INFO ] 2025-01-23 15:03:52.434 [main] StepDef - Setup1 executed...
[INFO ] 2025-01-23 15:10:15.050 [main] StepDef - Setup1 executed...
[INFO ] 2025-01-23 15:10:17.059 [main] StepDef - url opened...
[INFO ] 2025-01-23 15:10:34.009 [main] StepDef - Entered Email...
[INFO ] 2025-01-23 15:10:34.092 [main] StepDef - Entered Password...
[INFO ] 2025-01-23 15:10:34.791 [main] StepDef - Clicked On Login to sandbox...
[INFO ] 2025-01-23 15:13:12.181 [main] StepDef - Setup1 executed...
[INFO ] 2025-01-23 15:13:14.247 [main] StepDef - url opened...
[INFO ] 2025-01-23 15:13:16.703 [main] StepDef - Entered Email...
[INFO ] 2025-01-23 15:13:16.791 [main] StepDef - Entered Password...
[INFO ] 2025-01-23 15:13:18.640 [main] StepDef - Clicked On Login to sandbox...
[INFO ] 2025-01-23 15:13:27.381 [main] StepDef - Clicked On Allow Access button...
[INFO ] 2025-01-23 15:13:32.320 [main] StepDef - Verify Title....
[INFO ] 2025-01-23 15:13:38.633 [main] StepDef - Clicked on User Icon....
[INFO ] 2025-01-23 15:13:46.891 [main] StepDef - Clicked on LogOut Button....
[INFO ] 2025-01-23 15:13:57.046 [main] StepDef - Browser closed
[INFO ] 2025-01-23 15:17:16.896 [main] StepDef - Setup1 executed...
[INFO ] 2025-01-23 15:17:19.046 [main] StepDef - url opened...
[INFO ] 2025-01-23 15:17:34.333 [main] StepDef - Entered Email...
[INFO ] 2025-01-23 15:17:34.409 [main] StepDef - Entered Password...
[INFO ] 2025-01-23 15:17:36.187 [main] StepDef - Clicked On Login to sandbox...
[INFO ] 2025-01-23 15:17:45.100 [main] StepDef - Clicked On Allow Access button...
[INFO ] 2025-01-23 15:17:50.103 [main] StepDef - Verify Title....
[INFO ] 2025-01-23 15:17:56.492 [main] StepDef - Clicked on User Icon....
[INFO ] 2025-01-23 15:17:59.931 [main] StepDef - Clicked on LogOut Button....
[INFO ] 2025-01-23 15:18:10.019 [main] StepDef - Browser closed
[INFO ] 2025-01-23 15:20:28.325 [main] StepDef - Setup1 executed...
[INFO ] 2025-01-23 15:20:30.484 [main] StepDef - url opened...
[INFO ] 2025-01-23 15:20:32.725 [main] StepDef - Entered Email...
[INFO ] 2025-01-23 15:20:32.801 [main] StepDef - Entered Password...
[INFO ] 2025-01-23 15:20:34.590 [main] StepDef - Clicked On Login to sandbox...
[INFO ] 2025-01-23 15:20:40.227 [main] StepDef - Clicked On Allow Access button...
[INFO ] 2025-01-23 15:20:48.473 [main] StepDef - Verify Title....
[INFO ] 2025-01-23 15:20:54.775 [main] StepDef - Clicked on User Icon....
[INFO ] 2025-01-23 15:21:06.452 [main] StepDef - Clicked on LogOut Button....
[INFO ] 2025-01-23 15:21:16.572 [main] StepDef - Browser closed
[INFO ] 2025-01-23 15:27:08.655 [main] StepDef - Setup1 executed...
[INFO ] 2025-01-23 15:27:10.753 [main] StepDef - url opened...
[INFO ] 2025-01-23 15:27:30.412 [main] StepDef - Entered Email...
[INFO ] 2025-01-23 15:27:30.491 [main] StepDef - Entered Password...
[INFO ] 2025-01-23 15:27:32.298 [main] StepDef - Clicked On Login to sandbox...
[INFO ] 2025-01-23 15:27:41.184 [main] StepDef - Clicked On Allow Access button...
[INFO ] 2025-01-23 15:27:46.637 [main] StepDef - Verify Title....
[INFO ] 2025-01-23 15:27:53.048 [main] StepDef - Clicked on User Icon....
[INFO ] 2025-01-23 15:28:03.115 [main] StepDef - Clicked on LogOut Button....
[INFO ] 2025-01-23 15:28:13.253 [main] StepDef - Browser closed
[INFO ] 2025-01-23 15:31:31.892 [main] StepDef - Setup1 executed...
[INFO ] 2025-01-23 15:31:33.942 [main] StepDef - url opened...
[INFO ] 2025-01-23 15:31:36.322 [main] StepDef - Entered Email...
[INFO ] 2025-01-23 15:31:36.414 [main] StepDef - Entered Password...
[INFO ] 2025-01-23 15:31:38.138 [main] StepDef - Clicked On Login to sandbox...
[INFO ] 2025-01-23 15:31:46.724 [main] StepDef - Clicked On Allow Access button...
[INFO ] 2025-01-23 15:31:51.666 [main] StepDef - Verify Title....
[INFO ] 2025-01-23 15:31:57.896 [main] StepDef - Clicked on User Icon....
[INFO ] 2025-01-23 15:43:14.511 [main] StepDef - Setup1 executed...
[INFO ] 2025-01-23 15:43:16.547 [main] StepDef - url opened...
[INFO ] 2025-01-23 15:43:35.870 [main] StepDef - Entered Email...
[INFO ] 2025-01-23 15:43:35.947 [main] StepDef - Entered Password...
[INFO ] 2025-01-23 15:43:37.665 [main] StepDef - Clicked On Login to sandbox...
[INFO ] 2025-01-23 16:52:57.619 [main] StepDef - Setup1 executed...
[INFO ] 2025-01-23 16:53:02.570 [main] StepDef - url opened...
[INFO ] 2025-01-23 16:55:27.449 [main] StepDef - Setup1 executed...
[INFO ] 2025-01-23 16:55:29.425 [main] StepDef - url opened...
[INFO ] 2025-01-23 16:55:42.014 [main] StepDef - Entered Email...
[INFO ] 2025-01-23 16:55:42.103 [main] StepDef - Entered Password...
[INFO ] 2025-01-23 16:55:43.672 [main] StepDef - Clicked On Login to sandbox...
[INFO ] 2025-01-23 16:55:52.810 [main] StepDef - Clicked On Allow Access button...
[INFO ] 2025-01-23 16:55:58.123 [main] StepDef - Verify Title....
[INFO ] 2025-01-23 16:56:04.357 [main] StepDef - Clicked on User Icon....
[INFO ] 2025-01-23 16:56:13.734 [main] StepDef - Clicked on LogOut Button....
[INFO ] 2025-01-23 16:56:23.907 [main] StepDef - Browser closed
[INFO ] 2025-01-23 17:02:35.159 [main] StepDef - Setup1 executed...
[INFO ] 2025-01-23 17:02:37.298 [main] StepDef - url opened...
[INFO ] 2025-01-23 17:02:51.147 [main] StepDef - Entered Email...
[INFO ] 2025-01-23 17:02:51.230 [main] StepDef - Entered Password...
[INFO ] 2025-01-23 17:02:52.936 [main] StepDef - Clicked On Login to sandbox...
[INFO ] 2025-01-23 17:02:58.534 [main] StepDef - Clicked On Allow Access button...
[INFO ] 2025-01-23 17:26:07.224 [main] StepDef - Setup1 executed...
[INFO ] 2025-01-23 17:26:09.898 [main] StepDef - url opened...
[INFO ] 2025-01-23 17:26:23.600 [main] StepDef - Entered Email...
[INFO ] 2025-01-23 17:26:23.678 [main] StepDef - Entered Password...
[INFO ] 2025-01-23 17:26:25.484 [main] StepDef - Clicked On Login to sandbox...
[INFO ] 2025-01-23 17:26:34.574 [main] StepDef - Clicked On Allow Access button...
[INFO ] 2025-01-23 17:26:39.373 [main] StepDef - Verify Title....
[INFO ] 2025-01-23 17:26:45.613 [main] StepDef - Clicked on User Icon....
[INFO ] 2025-01-23 17:26:54.979 [main] StepDef - Clicked on LogOut Button....
[INFO ] 2025-01-23 17:27:05.166 [main] StepDef - Browser closed
[INFO ] 2025-01-23 17:37:19.561 [main] StepDef - Setup1 executed...
[INFO ] 2025-01-23 17:37:22.057 [main] StepDef - url opened...
[INFO ] 2025-01-23 17:37:35.340 [main] StepDef - Entered Email...
[INFO ] 2025-01-23 17:37:35.419 [main] StepDef - Entered Password...
[INFO ] 2025-01-23 17:37:37.112 [main] StepDef - Clicked On Login to sandbox...
[INFO ] 2025-01-23 17:40:33.912 [main] StepDef - Setup1 executed...
[INFO ] 2025-01-23 17:40:36.000 [main] StepDef - url opened...
[INFO ] 2025-01-23 17:42:27.304 [main] StepDef - Setup1 executed...
[INFO ] 2025-01-23 17:42:29.584 [main] StepDef - url opened...
[INFO ] 2025-01-23 17:42:33.405 [main] StepDef - Entered Email...
[INFO ] 2025-01-23 17:42:33.475 [main] StepDef - Entered Password...
[INFO ] 2025-01-23 17:42:34.868 [main] StepDef - Clicked On Login to sandbox...
[INFO ] 2025-01-23 17:43:10.008 [main] StepDef - Setup1 executed...
[INFO ] 2025-01-23 17:43:33.141 [main] StepDef - url opened...
[INFO ] 2025-01-23 17:43:37.188 [main] StepDef - Entered Email...
[INFO ] 2025-01-23 17:43:37.268 [main] StepDef - Entered Password...
[INFO ] 2025-01-23 17:43:37.919 [main] StepDef - Clicked On Login to sandbox...
[INFO ] 2025-01-23 17:51:17.074 [main] StepDef - Setup1 executed...
[INFO ] 2025-01-23 17:51:19.340 [main] StepDef - url opened...
[INFO ] 2025-01-23 17:51:33.695 [main] StepDef - Entered Email...
[INFO ] 2025-01-23 17:51:33.762 [main] StepDef - Entered Password...
[INFO ] 2025-01-23 17:51:35.280 [main] StepDef - Clicked On Login to sandbox...
[INFO ] 2025-01-23 17:51:44.310 [main] StepDef - Clicked On Allow Access button...
[INFO ] 2025-01-23 17:51:49.248 [main] StepDef - Verify Title....
[INFO ] 2025-01-23 17:51:55.552 [main] StepDef - Clicked on User Icon....
[INFO ] 2025-01-23 17:52:04.148 [main] StepDef - Clicked on LogOut Button....
[INFO ] 2025-01-23 17:52:14.251 [main] StepDef - Browser closed
[INFO ] 2025-01-23 17:56:05.648 [main] StepDef - Setup1 executed...
[INFO ] 2025-01-23 17:56:07.954 [main] StepDef - url opened...
[INFO ] 2025-01-23 17:56:10.532 [main] StepDef - Entered Email...
[INFO ] 2025-01-23 17:56:10.600 [main] StepDef - Entered Password...
